
> tea-estate-360-fe@0.0.1 dev
> vite


  VITE v5.4.21  ready in 318 ms

  ➜  Local:   http://localhost:5173/
  ➜  Network: use --host to expose
5:13:32 PM [vite] hmr update /src/pages/LabourersPage.tsx
5:13:42 PM [vite] hmr update /src/pages/LabourersPage.tsx
6:27:08 PM [vite] hmr update /src/pages/SignupPage.tsx, /src/pages/LoginPage.tsx, /src/layouts/DashboardLayout.tsx, /src/pages/LabourersPage.tsx, /src/pages/DashboardPage.tsx, /src/pages/OnboardingPage.tsx, /src/pages/TasksPage.tsx, /src/pages/GardensPage.tsx, /src/pages/CompaniesPage.tsx, /src/pages/EmployeesPage.tsx, /src/pages/RequestsPage.tsx, /src/pages/ExpensesPage.tsx, /src/ui/FormModal.tsx
6:27:31 PM [vite] hmr update /src/pages/SignupPage.tsx, /src/pages/LoginPage.tsx, /src/layouts/DashboardLayout.tsx, /src/pages/LabourersPage.tsx, /src/pages/DashboardPage.tsx, /src/pages/OnboardingPage.tsx, /src/pages/TasksPage.tsx, /src/pages/GardensPage.tsx, /src/pages/CompaniesPage.tsx, /src/pages/EmployeesPage.tsx, /src/pages/RequestsPage.tsx, /src/pages/ExpensesPage.tsx, /src/ui/FormModal.tsx
6:27:56 PM [vite] hmr update /src/pages/LabourersPage.tsx
6:28:02 PM [vite] hmr update /src/pages/LabourersPage.tsx
6:28:30 PM [vite] hmr update /src/pages/LabourersPage.tsx
6:28:39 PM [vite] hmr update /src/pages/LabourersPage.tsx
6:28:46 PM [vite] hmr update /src/pages/LabourersPage.tsx
6:28:52 PM [vite] hmr update /src/pages/LabourersPage.tsx
6:28:57 PM [vite] hmr update /src/pages/LabourersPage.tsx
6:29:02 PM [vite] hmr update /src/pages/LabourersPage.tsx
6:29:08 PM [vite] hmr update /src/pages/LabourersPage.tsx
6:29:23 PM [vite] hmr update /src/pages/LabourersPage.tsx
6:29:31 PM [vite] hmr update /src/pages/LabourersPage.tsx
