
> tea-estate-360-fe@0.0.1 dev
> vite


  VITE v5.4.21  ready in 402 ms

  ➜  Local:   http://localhost:5173/
  ➜  Network: use --host to expose
8:17:04 PM [vite] hmr update /src/pages/LoginPage.tsx, /src/pages/SignupPage.tsx, /src/layouts/DashboardLayout.tsx, /src/pages/ExpensesPage.tsx, /src/pages/LabourersPage.tsx, /src/pages/GardensPage.tsx, /src/pages/TasksPage.tsx, /src/pages/CompaniesPage.tsx, /src/pages/EmployeesPage.tsx, /src/pages/RequestsPage.tsx, /src/pages/DashboardPage.tsx
8:18:06 PM [vite] hmr update /src/pages/LabourersPage.tsx
8:19:56 PM [vite] hmr update /src/pages/DashboardPage.tsx
8:22:45 PM [vite] hmr update /src/pages/LabourersPage.tsx
6:44:59 AM [vite] hmr update /src/pages/LabourersPage.tsx
6:45:52 AM [vite] hmr update /src/pages/LoginPage.tsx, /src/pages/SignupPage.tsx, /src/layouts/DashboardLayout.tsx, /src/pages/ExpensesPage.tsx, /src/pages/LabourersPage.tsx, /src/pages/GardensPage.tsx, /src/pages/TasksPage.tsx, /src/pages/CompaniesPage.tsx, /src/pages/EmployeesPage.tsx, /src/pages/RequestsPage.tsx, /src/pages/DashboardPage.tsx
11:03:55 AM [vite] hmr update /src/pages/LoginPage.tsx, /src/pages/SignupPage.tsx, /src/layouts/DashboardLayout.tsx, /src/pages/ExpensesPage.tsx, /src/pages/LabourersPage.tsx, /src/pages/GardensPage.tsx, /src/pages/TasksPage.tsx, /src/pages/CompaniesPage.tsx, /src/pages/EmployeesPage.tsx, /src/pages/RequestsPage.tsx, /src/pages/DashboardPage.tsx
11:04:13 AM [vite] hmr update /src/pages/LoginPage.tsx, /src/pages/SignupPage.tsx, /src/layouts/DashboardLayout.tsx, /src/pages/ExpensesPage.tsx, /src/pages/LabourersPage.tsx, /src/pages/GardensPage.tsx, /src/pages/TasksPage.tsx, /src/pages/CompaniesPage.tsx, /src/pages/EmployeesPage.tsx, /src/pages/RequestsPage.tsx, /src/pages/DashboardPage.tsx
11:05:53 AM [vite] hmr update /src/pages/SignupPage.tsx
11:07:47 AM [vite] hmr update /src/ui/FormModal.tsx
11:07:55 AM [vite] hmr update /src/ui/FormModal.tsx
11:09:19 AM [vite] hmr update /src/App.tsx
11:10:24 AM [vite] hmr update /src/pages/CompaniesPage.tsx
11:15:31 AM [vite] hmr update /src/pages/LoginPage.tsx, /src/pages/SignupPage.tsx, /src/layouts/DashboardLayout.tsx, /src/pages/ExpensesPage.tsx, /src/pages/LabourersPage.tsx, /src/pages/GardensPage.tsx, /src/pages/TasksPage.tsx, /src/pages/CompaniesPage.tsx, /src/pages/EmployeesPage.tsx, /src/pages/RequestsPage.tsx, /src/pages/DashboardPage.tsx, /src/pages/OnboardingPage.tsx
12:09:28 PM [vite] hmr update /src/pages/OnboardingPage.tsx
12:09:33 PM [vite] hmr update /src/pages/LoginPage.tsx
12:11:00 PM [vite] page reload src/store/authSlice.ts
12:11:51 PM [vite] hmr update /src/pages/LoginPage.tsx, /src/pages/SignupPage.tsx, /src/layouts/DashboardLayout.tsx, /src/pages/ExpensesPage.tsx, /src/pages/LabourersPage.tsx, /src/pages/GardensPage.tsx, /src/pages/TasksPage.tsx, /src/pages/CompaniesPage.tsx, /src/pages/EmployeesPage.tsx, /src/pages/RequestsPage.tsx, /src/pages/DashboardPage.tsx, /src/pages/OnboardingPage.tsx
12:14:02 PM [vite] hmr update /src/layouts/DashboardLayout.tsx
12:22:33 PM [vite] hmr update /src/pages/LoginPage.tsx, /src/pages/SignupPage.tsx, /src/layouts/DashboardLayout.tsx, /src/pages/ExpensesPage.tsx, /src/pages/LabourersPage.tsx, /src/pages/GardensPage.tsx, /src/pages/TasksPage.tsx, /src/pages/CompaniesPage.tsx, /src/pages/EmployeesPage.tsx, /src/pages/RequestsPage.tsx, /src/pages/DashboardPage.tsx, /src/pages/OnboardingPage.tsx
12:23:22 PM [vite] hmr update /src/pages/LoginPage.tsx, /src/pages/SignupPage.tsx, /src/layouts/DashboardLayout.tsx, /src/pages/ExpensesPage.tsx, /src/pages/LabourersPage.tsx, /src/pages/GardensPage.tsx, /src/pages/TasksPage.tsx, /src/pages/CompaniesPage.tsx, /src/pages/EmployeesPage.tsx, /src/pages/RequestsPage.tsx, /src/pages/DashboardPage.tsx, /src/pages/OnboardingPage.tsx
12:24:56 PM [vite] hmr update /src/pages/LoginPage.tsx, /src/pages/SignupPage.tsx, /src/layouts/DashboardLayout.tsx, /src/pages/ExpensesPage.tsx, /src/pages/LabourersPage.tsx, /src/pages/GardensPage.tsx, /src/pages/TasksPage.tsx, /src/pages/CompaniesPage.tsx, /src/pages/EmployeesPage.tsx, /src/pages/RequestsPage.tsx, /src/pages/DashboardPage.tsx, /src/pages/OnboardingPage.tsx
12:28:16 PM [vite] hmr update /src/pages/CompaniesPage.tsx
12:30:43 PM [vite] hmr update /src/pages/CompaniesPage.tsx
12:31:41 PM [vite] hmr update /src/ui/FormModal.tsx
12:31:48 PM [vite] hmr update /src/ui/FormModal.tsx
12:31:54 PM [vite] hmr update /src/ui/FormModal.tsx
12:50:30 PM [vite] hmr update /src/pages/CompaniesPage.tsx
